<?xml version="1.0" encoding="UTF-8"?>
<testsuite name="FizzBuzzTest" tests="1" skipped="0" failures="0" errors="0" timestamp="2021-10-21T08:52:00" hostname="DESKTOP-I74FU00" time="0.055">
  <properties/>
  <testcase name="everyItemDivisibleBy3And5IsFizzBuzz()" classname="FizzBuzzTest" time="0.055"/>
  <system-out><![CDATA[]]></system-out>
  <system-err><![CDATA[]]></system-err>
</testsuite>
