<?xml version="1.0" encoding="UTF-8"?>
<testsuite name="FizzBuzzTest" tests="1" skipped="0" failures="0" errors="0" timestamp="2021-10-21T08:40:24" hostname="DESKTOP-I74FU00" time="0.071">
  <properties/>
  <testcase name="everyItemDivisibleBy3ButNot5IsFizz()" classname="FizzBuzzTest" time="0.071"/>
  <system-out><![CDATA[]]></system-out>
  <system-err><![CDATA[]]></system-err>
</testsuite>
